[2022-01-28 10:16:29,287] multiqc                                            [DEBUG  ]  This is MultiQC v1.11
[2022-01-28 10:16:29,287] multiqc                                            [DEBUG  ]  No MultiQC config found: /opt/anaconda3/lib/python3.6/site-packages/multiqc_config.yaml
[2022-01-28 10:16:29,288] multiqc                                            [DEBUG  ]  No MultiQC config found: /Users/yohanakefella/.multiqc_config.yaml
[2022-01-28 10:16:29,288] multiqc                                            [DEBUG  ]  No MultiQC config found: multiqc_config.yaml
[2022-01-28 10:16:29,288] multiqc                                            [DEBUG  ]  Command used: /opt/anaconda3/bin/multiqc QC/fastqc/ --force -o QC/multiqc/
[2022-01-28 10:16:30,194] multiqc                                            [DEBUG  ]  Latest MultiQC version is v1.11
[2022-01-28 10:16:30,194] multiqc                                            [DEBUG  ]  Command     : /opt/anaconda3/bin/multiqc QC/fastqc/ --force -o QC/multiqc/
[2022-01-28 10:16:30,194] multiqc                                            [DEBUG  ]  Working dir : /Users/yohanakefella/variantcalling-snakemake-workflow
[2022-01-28 10:16:30,194] multiqc                                            [DEBUG  ]  Template    : default
[2022-01-28 10:16:30,195] multiqc                                            [DEBUG  ]  Running Python 3.6.9 |Anaconda, Inc.| (default, Jul 30 2019, 13:42:17)  [GCC 4.2.1 Compatible Clang 4.0.1 (tags/RELEASE_401/final)]
[2022-01-28 10:16:30,196] multiqc                                            [DEBUG  ]  Analysing modules: custom_content, ccs, ngsderive, purple, conpair, lima, peddy, somalier, methylQA, mosdepth, phantompeakqualtools, qualimap, preseq, quast, qorts, rna_seqc, rockhopper, rsem, rseqc, busco, bustools, goleft_indexcov, gffcompare, disambiguate, supernova, deeptools, sargasso, verifybamid, mirtrace, happy, mirtop, sambamba, homer, hops, macs2, theta2, snpeff, gatk, htseq, bcftools, featureCounts, fgbio, dragen, dedup, damageprofiler, biobambam2, jcvi, mtnucratio, picard, vep, sentieon, prokka, qc3C, nanostat, samblaster, samtools, sexdeterrmine, eigenstratdatabasetools, bamtools, jellyfish, vcftools, longranger, stacks, varscan2, snippy, bbmap, bismark, biscuit, hicexplorer, hicup, hicpro, salmon, kallisto, slamdunk, star, hisat2, tophat, bowtie2, bowtie1, snpsplit, odgi, pangolin, kat, leehom, adapterRemoval, clipandmerge, cutadapt, flexbar, kaiju, kraken, malt, trimmomatic, sickle, skewer, sortmerna, biobloomtools, fastq_screen, afterqc, fastp, fastqc, pychopper, pycoqc, minionqc, multivcfanalyzer, clusterflow, bcl2fastq, bclconvert, interop, ivar, flash, seqyclean, optitype
[2022-01-28 10:16:30,196] multiqc                                            [DEBUG  ]  Using temporary directory for creating report: /var/folders/hx/15xns8ds0011zblpjskhtvq40000gn/T/tmpqrf17rqa
[2022-01-28 10:16:30,403] multiqc                                            [INFO   ]  Search path : /Users/yohanakefella/variantcalling-snakemake-workflow/QC/fastqc
[2022-01-28 10:16:30,491] multiqc                                            [DEBUG  ]  File ignored by ccs/v4 because it exceeded search pattern filesize limit: sample.R1.paired_fastqc.html
[2022-01-28 10:16:30,493] multiqc                                            [DEBUG  ]  File ignored by hicexplorer because it exceeded search pattern filesize limit: sample.R1.paired_fastqc.html
[2022-01-28 10:16:30,493] multiqc                                            [DEBUG  ]  File ignored by nanostat because it exceeded search pattern filesize limit: sample.R1.paired_fastqc.html
[2022-01-28 10:16:30,493] multiqc                                            [DEBUG  ]  File ignored by lima/summary because it exceeded search pattern filesize limit: sample.R1.paired_fastqc.html
[2022-01-28 10:16:30,498] multiqc                                            [DEBUG  ]  File ignored by vep/vep_txt because it exceeded search pattern filesize limit: sample.R1.paired_fastqc.html
[2022-01-28 10:16:30,498] multiqc                                            [DEBUG  ]  File ignored by longranger/invocation because it exceeded search pattern filesize limit: sample.R1.paired_fastqc.html
[2022-01-28 10:16:30,498] multiqc                                            [DEBUG  ]  File ignored by rockhopper because it exceeded search pattern filesize limit: sample.R1.paired_fastqc.html
[2022-01-28 10:16:30,498] multiqc                                            [DEBUG  ]  File ignored by rseqc/bam_stat because it exceeded search pattern filesize limit: sample.R1.paired_fastqc.html
[2022-01-28 10:16:30,498] multiqc                                            [DEBUG  ]  File ignored by rseqc/junction_annotation because it exceeded search pattern filesize limit: sample.R1.paired_fastqc.html
[2022-01-28 10:16:30,499] multiqc                                            [DEBUG  ]  File ignored by rseqc/read_distribution because it exceeded search pattern filesize limit: sample.R1.paired_fastqc.html
[2022-01-28 10:16:30,499] multiqc                                            [DEBUG  ]  File ignored by rseqc/infer_experiment because it exceeded search pattern filesize limit: sample.R1.paired_fastqc.html
[2022-01-28 10:16:30,635] multiqc                                            [DEBUG  ]  File ignored by ccs/v4 because it exceeded search pattern filesize limit: sample.R2.paired_fastqc.html
[2022-01-28 10:16:30,637] multiqc                                            [DEBUG  ]  File ignored by hicexplorer because it exceeded search pattern filesize limit: sample.R2.paired_fastqc.html
[2022-01-28 10:16:30,637] multiqc                                            [DEBUG  ]  File ignored by nanostat because it exceeded search pattern filesize limit: sample.R2.paired_fastqc.html
[2022-01-28 10:16:30,637] multiqc                                            [DEBUG  ]  File ignored by lima/summary because it exceeded search pattern filesize limit: sample.R2.paired_fastqc.html
[2022-01-28 10:16:30,641] multiqc                                            [DEBUG  ]  File ignored by vep/vep_txt because it exceeded search pattern filesize limit: sample.R2.paired_fastqc.html
[2022-01-28 10:16:30,641] multiqc                                            [DEBUG  ]  File ignored by longranger/invocation because it exceeded search pattern filesize limit: sample.R2.paired_fastqc.html
[2022-01-28 10:16:30,641] multiqc                                            [DEBUG  ]  File ignored by rockhopper because it exceeded search pattern filesize limit: sample.R2.paired_fastqc.html
[2022-01-28 10:16:30,641] multiqc                                            [DEBUG  ]  File ignored by rseqc/bam_stat because it exceeded search pattern filesize limit: sample.R2.paired_fastqc.html
[2022-01-28 10:16:30,641] multiqc                                            [DEBUG  ]  File ignored by rseqc/junction_annotation because it exceeded search pattern filesize limit: sample.R2.paired_fastqc.html
[2022-01-28 10:16:30,641] multiqc                                            [DEBUG  ]  File ignored by rseqc/read_distribution because it exceeded search pattern filesize limit: sample.R2.paired_fastqc.html
[2022-01-28 10:16:30,641] multiqc                                            [DEBUG  ]  File ignored by rseqc/infer_experiment because it exceeded search pattern filesize limit: sample.R2.paired_fastqc.html
[2022-01-28 10:16:31,933] multiqc.plots.bargraph                             [DEBUG  ]  Using matplotlib version 3.1.1
[2022-01-28 10:16:31,936] multiqc.plots.linegraph                            [DEBUG  ]  Using matplotlib version 3.1.1
[2022-01-28 10:16:31,944] multiqc                                            [DEBUG  ]  No samples found: custom_content
[2022-01-28 10:16:31,963] multiqc                                            [DEBUG  ]  No samples found: ccs
[2022-01-28 10:16:31,982] multiqc                                            [DEBUG  ]  No samples found: ngsderive
[2022-01-28 10:16:32,000] multiqc                                            [DEBUG  ]  No samples found: purple
[2022-01-28 10:16:32,018] multiqc                                            [DEBUG  ]  No samples found: conpair
[2022-01-28 10:16:32,037] multiqc                                            [DEBUG  ]  No samples found: lima
[2022-01-28 10:16:32,060] multiqc                                            [DEBUG  ]  No samples found: peddy
[2022-01-28 10:16:32,079] multiqc                                            [DEBUG  ]  No samples found: somalier
[2022-01-28 10:16:32,096] multiqc                                            [DEBUG  ]  No samples found: methylQA
[2022-01-28 10:16:32,130] multiqc.modules.mosdepth.mosdepth                  [DEBUG  ]  include_contigs: []
[2022-01-28 10:16:32,130] multiqc.modules.mosdepth.mosdepth                  [DEBUG  ]  exclude_contigs: []
[2022-01-28 10:16:32,130] multiqc                                            [DEBUG  ]  No samples found: mosdepth
[2022-01-28 10:16:32,148] multiqc                                            [DEBUG  ]  No samples found: phantompeakqualtools
[2022-01-28 10:16:32,159] multiqc                                            [DEBUG  ]  No samples found: qualimap
[2022-01-28 10:16:32,174] multiqc                                            [DEBUG  ]  No samples found: preseq
[2022-01-28 10:16:32,193] multiqc                                            [DEBUG  ]  No samples found: quast
[2022-01-28 10:16:32,210] multiqc                                            [DEBUG  ]  No samples found: qorts
[2022-01-28 10:16:32,226] multiqc                                            [DEBUG  ]  No samples found: rna_seqc
[2022-01-28 10:16:32,241] multiqc                                            [DEBUG  ]  No samples found: rockhopper
[2022-01-28 10:16:32,255] multiqc                                            [DEBUG  ]  No samples found: rsem
[2022-01-28 10:16:32,307] multiqc                                            [DEBUG  ]  No samples found: rseqc
[2022-01-28 10:16:32,325] multiqc                                            [DEBUG  ]  No samples found: busco
[2022-01-28 10:16:32,340] multiqc                                            [DEBUG  ]  No samples found: bustools
[2022-01-28 10:16:32,355] multiqc                                            [DEBUG  ]  No samples found: goleft_indexcov
[2022-01-28 10:16:32,371] multiqc                                            [DEBUG  ]  No samples found: gffcompare
[2022-01-28 10:16:32,386] multiqc                                            [DEBUG  ]  No samples found: disambiguate
[2022-01-28 10:16:32,403] multiqc                                            [DEBUG  ]  No samples found: supernova
[2022-01-28 10:16:32,458] multiqc                                            [DEBUG  ]  No samples found: deeptools
[2022-01-28 10:16:32,477] multiqc                                            [DEBUG  ]  No samples found: sargasso
[2022-01-28 10:16:32,489] multiqc                                            [DEBUG  ]  No samples found: verifybamid
[2022-01-28 10:16:32,504] multiqc                                            [DEBUG  ]  No samples found: mirtrace
[2022-01-28 10:16:32,517] multiqc                                            [DEBUG  ]  No samples found: happy
[2022-01-28 10:16:32,532] multiqc                                            [DEBUG  ]  No samples found: mirtop
[2022-01-28 10:16:32,550] multiqc                                            [DEBUG  ]  No samples found: sambamba
[2022-01-28 10:16:32,576] multiqc                                            [DEBUG  ]  No samples found: homer
[2022-01-28 10:16:32,591] multiqc                                            [DEBUG  ]  No samples found: hops
[2022-01-28 10:16:32,605] multiqc                                            [DEBUG  ]  No samples found: macs2
[2022-01-28 10:16:32,619] multiqc                                            [DEBUG  ]  No samples found: theta2
[2022-01-28 10:16:32,637] multiqc                                            [DEBUG  ]  No samples found: snpeff
[2022-01-28 10:16:32,660] multiqc                                            [DEBUG  ]  No samples found: gatk
[2022-01-28 10:16:32,678] multiqc                                            [DEBUG  ]  No samples found: htseq
[2022-01-28 10:16:32,697] multiqc                                            [DEBUG  ]  No samples found: bcftools
[2022-01-28 10:16:32,711] multiqc                                            [DEBUG  ]  No samples found: featureCounts
[2022-01-28 10:16:32,754] multiqc                                            [DEBUG  ]  No samples found: fgbio
[2022-01-28 10:16:32,804] multiqc                                            [DEBUG  ]  No samples found: dragen
[2022-01-28 10:16:32,819] multiqc                                            [DEBUG  ]  No samples found: dedup
[2022-01-28 10:16:32,834] multiqc                                            [DEBUG  ]  No samples found: damageprofiler
[2022-01-28 10:16:32,941] multiqc                                            [DEBUG  ]  No samples found: biobambam2
[2022-01-28 10:16:32,956] multiqc                                            [DEBUG  ]  No samples found: jcvi
[2022-01-28 10:16:32,967] multiqc                                            [DEBUG  ]  No samples found: mtnucratio
[2022-01-28 10:16:32,975] multiqc                                            [DEBUG  ]  No samples found: picard
[2022-01-28 10:16:32,986] multiqc                                            [DEBUG  ]  No samples found: vep
[2022-01-28 10:16:33,015] multiqc                                            [DEBUG  ]  No samples found: sentieon
[2022-01-28 10:16:33,030] multiqc                                            [DEBUG  ]  No samples found: prokka
[2022-01-28 10:16:33,044] multiqc                                            [DEBUG  ]  No samples found: qc3C
[2022-01-28 10:16:33,056] multiqc                                            [DEBUG  ]  No samples found: nanostat
[2022-01-28 10:16:33,069] multiqc                                            [DEBUG  ]  No samples found: samblaster
[2022-01-28 10:16:33,096] multiqc                                            [DEBUG  ]  No samples found: samtools
[2022-01-28 10:16:33,111] multiqc                                            [DEBUG  ]  No samples found: sexdeterrmine
[2022-01-28 10:16:33,123] multiqc                                            [DEBUG  ]  No samples found: eigenstratdatabasetools
[2022-01-28 10:16:33,139] multiqc                                            [DEBUG  ]  No samples found: bamtools
[2022-01-28 10:16:33,153] multiqc                                            [DEBUG  ]  No samples found: jellyfish
[2022-01-28 10:16:33,181] multiqc                                            [DEBUG  ]  No samples found: vcftools
[2022-01-28 10:16:33,197] multiqc                                            [DEBUG  ]  No samples found: longranger
[2022-01-28 10:16:33,209] multiqc                                            [DEBUG  ]  No samples found: stacks
[2022-01-28 10:16:33,222] multiqc                                            [DEBUG  ]  No samples found: varscan2
[2022-01-28 10:16:33,235] multiqc                                            [DEBUG  ]  No samples found: snippy
[2022-01-28 10:16:33,293] multiqc                                            [DEBUG  ]  No samples found: bbmap
[2022-01-28 10:16:33,308] multiqc                                            [DEBUG  ]  No samples found: bismark
[2022-01-28 10:16:33,324] multiqc                                            [DEBUG  ]  No samples found: biscuit
[2022-01-28 10:16:33,341] multiqc                                            [DEBUG  ]  No samples found: hicexplorer
[2022-01-28 10:16:33,356] multiqc                                            [DEBUG  ]  No samples found: hicup
[2022-01-28 10:16:33,370] multiqc                                            [DEBUG  ]  No samples found: hicpro
[2022-01-28 10:16:33,385] multiqc                                            [DEBUG  ]  No samples found: salmon
[2022-01-28 10:16:33,402] multiqc                                            [DEBUG  ]  No samples found: kallisto
[2022-01-28 10:16:33,414] multiqc                                            [DEBUG  ]  No samples found: slamdunk
[2022-01-28 10:16:33,428] multiqc                                            [DEBUG  ]  No samples found: star
[2022-01-28 10:16:33,446] multiqc                                            [DEBUG  ]  No samples found: hisat2
[2022-01-28 10:16:33,458] multiqc                                            [DEBUG  ]  No samples found: tophat
[2022-01-28 10:16:33,473] multiqc                                            [DEBUG  ]  No samples found: bowtie2
[2022-01-28 10:16:33,486] multiqc                                            [DEBUG  ]  No samples found: bowtie1
[2022-01-28 10:16:33,497] multiqc                                            [DEBUG  ]  No samples found: snpsplit
[2022-01-28 10:16:33,512] multiqc                                            [DEBUG  ]  No samples found: odgi
[2022-01-28 10:16:33,527] multiqc                                            [DEBUG  ]  No samples found: pangolin
[2022-01-28 10:16:33,541] multiqc                                            [DEBUG  ]  No samples found: kat
[2022-01-28 10:16:33,556] multiqc                                            [DEBUG  ]  No samples found: leehom
[2022-01-28 10:16:33,568] multiqc                                            [DEBUG  ]  No samples found: adapterRemoval
[2022-01-28 10:16:33,581] multiqc                                            [DEBUG  ]  No samples found: clipandmerge
[2022-01-28 10:16:33,636] multiqc                                            [DEBUG  ]  No samples found: cutadapt
[2022-01-28 10:16:33,648] multiqc                                            [DEBUG  ]  No samples found: flexbar
[2022-01-28 10:16:33,663] multiqc                                            [DEBUG  ]  No samples found: kaiju
[2022-01-28 10:16:33,678] multiqc                                            [DEBUG  ]  No samples found: kraken
[2022-01-28 10:16:33,690] multiqc                                            [DEBUG  ]  No samples found: malt
[2022-01-28 10:16:33,703] multiqc                                            [DEBUG  ]  No samples found: trimmomatic
[2022-01-28 10:16:33,715] multiqc                                            [DEBUG  ]  No samples found: sickle
[2022-01-28 10:16:33,727] multiqc                                            [DEBUG  ]  No samples found: skewer
[2022-01-28 10:16:33,742] multiqc                                            [DEBUG  ]  No samples found: sortmerna
[2022-01-28 10:16:33,756] multiqc                                            [DEBUG  ]  No samples found: biobloomtools
[2022-01-28 10:16:33,766] multiqc                                            [DEBUG  ]  No samples found: fastq_screen
[2022-01-28 10:16:33,779] multiqc                                            [DEBUG  ]  No samples found: afterqc
[2022-01-28 10:16:33,794] multiqc                                            [DEBUG  ]  No samples found: fastp
[2022-01-28 10:16:33,841] multiqc.modules.fastqc.fastqc                      [INFO   ]  Found 2 reports
[2022-01-28 10:16:33,964] multiqc                                            [DEBUG  ]  No samples found: pychopper
[2022-01-28 10:16:33,978] multiqc                                            [DEBUG  ]  No samples found: pycoqc
[2022-01-28 10:16:33,994] multiqc                                            [DEBUG  ]  No samples found: minionqc
[2022-01-28 10:16:34,008] multiqc                                            [DEBUG  ]  No samples found: multivcfanalyzer
[2022-01-28 10:16:34,023] multiqc                                            [DEBUG  ]  No samples found: clusterflow
[2022-01-28 10:16:34,034] multiqc                                            [DEBUG  ]  No samples found: bcl2fastq
[2022-01-28 10:16:34,048] multiqc                                            [DEBUG  ]  No samples found: bclconvert
[2022-01-28 10:16:34,062] multiqc                                            [DEBUG  ]  No samples found: interop
[2022-01-28 10:16:34,077] multiqc                                            [DEBUG  ]  No samples found: ivar
[2022-01-28 10:16:34,092] multiqc                                            [DEBUG  ]  No samples found: flash
[2022-01-28 10:16:34,109] multiqc                                            [DEBUG  ]  No samples found: seqyclean
[2022-01-28 10:16:34,121] multiqc                                            [DEBUG  ]  No samples found: optitype
[2022-01-28 10:16:34,130] multiqc                                            [INFO   ]  Compressing plot data
[2022-01-28 10:16:34,174] multiqc                                            [INFO   ]  Report      : QC/multiqc/multiqc_report.html
[2022-01-28 10:16:34,174] multiqc                                            [INFO   ]  Data        : QC/multiqc/multiqc_data
[2022-01-28 10:16:34,175] multiqc                                            [DEBUG  ]  Moving data file from '/var/folders/hx/15xns8ds0011zblpjskhtvq40000gn/T/tmpqrf17rqa/multiqc_data' to 'QC/multiqc/multiqc_data'
[2022-01-28 10:16:34,525] multiqc                                            [INFO   ]  MultiQC complete
