INFO	2022-01-28 11:15:51	MarkDuplicates	

********** NOTE: Picard's command line syntax is changing.
**********
********** For more information, please see:
********** https://github.com/broadinstitute/picard/wiki/Command-Line-Syntax-Transition-For-Users-(Pre-Transition)
**********
********** The command line looks like this in the new syntax:
**********
**********    MarkDuplicates -INPUT results/aligned_reads/sample.sorted.bam -OUTPUT results/aligned_reads/dup.reads.bam -METRICS_FILE results/aligned_reads/metrics.txt
**********


11:15:52.573 INFO  NativeLibraryLoader - Loading libgkl_compression.dylib from jar:file:/usr/local/Cellar/picard-tools/2.25.7/libexec/picard.jar!/com/intel/gkl/native/libgkl_compression.dylib
[Fri Jan 28 11:15:52 EST 2022] MarkDuplicates INPUT=[results/aligned_reads/sample.sorted.bam] OUTPUT=results/aligned_reads/dup.reads.bam METRICS_FILE=results/aligned_reads/metrics.txt    MAX_SEQUENCES_FOR_DISK_READ_ENDS_MAP=50000 MAX_FILE_HANDLES_FOR_READ_ENDS_MAP=8000 SORTING_COLLECTION_SIZE_RATIO=0.25 TAG_DUPLICATE_SET_MEMBERS=false REMOVE_SEQUENCING_DUPLICATES=false TAGGING_POLICY=DontTag CLEAR_DT=true DUPLEX_UMI=false ADD_PG_TAG_TO_READS=true REMOVE_DUPLICATES=false ASSUME_SORTED=false DUPLICATE_SCORING_STRATEGY=SUM_OF_BASE_QUALITIES PROGRAM_RECORD_ID=MarkDuplicates PROGRAM_GROUP_NAME=MarkDuplicates READ_NAME_REGEX=<optimized capture of last three ':' separated fields as numeric values> OPTICAL_DUPLICATE_PIXEL_DISTANCE=100 MAX_OPTICAL_DUPLICATE_SET_SIZE=300000 VERBOSITY=INFO QUIET=false VALIDATION_STRINGENCY=STRICT COMPRESSION_LEVEL=5 MAX_RECORDS_IN_RAM=500000 CREATE_INDEX=false CREATE_MD5_FILE=false GA4GH_CLIENT_SECRETS=client_secrets.json USE_JDK_DEFLATER=false USE_JDK_INFLATER=false
[Fri Jan 28 11:15:52 EST 2022] Executing as yohanakefella@Yohanas-Air.fios-router.home on Mac OS X 10.16 x86_64; Java HotSpot(TM) 64-Bit Server VM 14+36-1461; Deflater: Intel; Inflater: Intel; Provider GCS is not available; Picard version: 2.25.7
INFO	2022-01-28 11:15:52	MarkDuplicates	Start of doWork freeMemory: 22378648; totalMemory: 28311552; maxMemory: 2147483648
INFO	2022-01-28 11:15:52	MarkDuplicates	Reading input file and constructing read end information.
INFO	2022-01-28 11:15:52	MarkDuplicates	Will retain up to 7780737 data points before spilling to disk.
WARNING	2022-01-28 11:15:52	AbstractOpticalDuplicateFinderCommandLineProgram	A field field parsed out of a read name was expected to contain an integer and did not. Read name: SRR15660643.328351. Cause: String 'SRR15660643.328351' did not start with a parsable number.
INFO	2022-01-28 11:15:53	MarkDuplicates	Read 32732 records. 0 pairs never matched.
INFO	2022-01-28 11:15:53	MarkDuplicates	After buildSortedReadEndLists freeMemory: 63511496; totalMemory: 136314880; maxMemory: 2147483648
INFO	2022-01-28 11:15:53	MarkDuplicates	Will retain up to 67108864 duplicate indices before spilling to disk.
INFO	2022-01-28 11:15:54	MarkDuplicates	Traversing read pair information and detecting duplicates.
INFO	2022-01-28 11:15:54	MarkDuplicates	Traversing fragment information and detecting duplicates.
INFO	2022-01-28 11:15:54	MarkDuplicates	Sorting list of duplicate records.
INFO	2022-01-28 11:15:54	MarkDuplicates	After generateDuplicateIndexes freeMemory: 479927824; totalMemory: 1024458752; maxMemory: 2147483648
INFO	2022-01-28 11:15:54	MarkDuplicates	Marking 2959 records as duplicates.
INFO	2022-01-28 11:15:54	MarkDuplicates	Found 0 optical duplicate clusters.
INFO	2022-01-28 11:15:54	MarkDuplicates	Reads are assumed to be ordered by: coordinate
INFO	2022-01-28 11:15:55	MarkDuplicates	Writing complete. Closing input iterator.
INFO	2022-01-28 11:15:55	MarkDuplicates	Duplicate Index cleanup.
INFO	2022-01-28 11:15:55	MarkDuplicates	Getting Memory Stats.
INFO	2022-01-28 11:15:55	MarkDuplicates	Before output close freeMemory: 24686048; totalMemory: 31457280; maxMemory: 2147483648
INFO	2022-01-28 11:15:55	MarkDuplicates	Closed outputs. Getting more Memory Stats.
INFO	2022-01-28 11:15:55	MarkDuplicates	After output close freeMemory: 21582048; totalMemory: 28311552; maxMemory: 2147483648
[Fri Jan 28 11:15:55 EST 2022] picard.sam.markduplicates.MarkDuplicates done. Elapsed time: 0.05 minutes.
Runtime.totalMemory()=28311552
